# JRE version: OpenJDK Runtime Environment Temurin-17.0.8.1+1 (17.0.8.1+1) (build 17.0.8.1+1)
# Java VM: OpenJDK 64-Bit Server VM Temurin-17.0.8.1+1 (17.0.8.1+1, mixed mode, sharing, tiered, compressed oops, compressed class ptrs, g1 gc, windows-amd64)
GC Precious Log:
 CPUs: 4 total, 4 available
 Memory: 3521M
 Large Page Support: Disabled
 NUMA Support: Disabled
 Compressed Oops: Enabled (32-bit)
 Heap Region Size: 1M
 Heap Min Capacity: 8M
 Heap Initial Capacity: 56M
 Heap Max Capacity: 1536M
 Pre-touch: Disabled
 Parallel Workers: 4
 Concurrent Workers: 1
 Concurrent Refinement Workers: 4
 Periodic GC: Disabled
Heap:
 garbage-first heap   total 126976K, used 107933K [0x00000000a0000000, 0x0000000100000000)
  region size 1024K, 12 young (12288K), 2 survivors (2048K)
 Metaspace       used 78765K, committed 79616K, reserved 1179648K
  class space    used 10923K, committed 11328K, reserved 1048576K
GC Heap History (20 events):
Event: 92.020 GC heap before
{Heap before GC invocations=72 (full 0):
 garbage-first heap   total 126976K, used 106018K [0x00000000a0000000, 0x0000000100000000)
  region size 1024K, 21 young (21504K), 2 survivors (2048K)
 Metaspace       used 71255K, committed 72000K, reserved 1114112K
  class space    used 9848K, committed 10176K, reserved 1048576K
}
Event: 92.028 GC heap after
{Heap after GC invocations=73 (full 0):
 garbage-first heap   total 126976K, used 89088K [0x00000000a0000000, 0x0000000100000000)
  region size 1024K, 3 young (3072K), 3 survivors (3072K)
 Metaspace       used 71255K, committed 72000K, reserved 1114112K
  class space    used 9848K, committed 10176K, reserved 1048576K
}
Event: 95.580 GC heap before
{Heap before GC invocations=73 (full 0):
 garbage-first heap   total 126976K, used 106496K [0x00000000a0000000, 0x0000000100000000)
  region size 1024K, 21 young (21504K), 3 survivors (3072K)
 Metaspace       used 71429K, committed 72256K, reserved 1114112K
  class space    used 9858K, committed 10240K, reserved 1048576K
}
Event: 95.602 GC heap after
{Heap after GC invocations=74 (full 0):
 garbage-first heap   total 126976K, used 90879K [0x00000000a0000000, 0x0000000100000000)
  region size 1024K, 3 young (3072K), 3 survivors (3072K)
 Metaspace       used 71429K, committed 72256K, reserved 1114112K
  class space    used 9858K, committed 10240K, reserved 1048576K
}
Event: 99.007 GC heap before
{Heap before GC invocations=74 (full 0):
 garbage-first heap   total 126976K, used 106239K [0x00000000a0000000, 0x0000000100000000)
  region size 1024K, 18 young (18432K), 3 survivors (3072K)
 Metaspace       used 72542K, committed 73408K, reserved 1114112K
  class space    used 10009K, committed 10432K, reserved 1048576K
}
Event: 99.023 GC heap after
{Heap after GC invocations=75 (full 0):
 garbage-first heap   total 126976K, used 91947K [0x00000000a0000000, 0x0000000100000000)
  region size 1024K, 2 young (2048K), 2 survivors (2048K)
 Metaspace       used 72542K, committed 73408K, reserved 1114112K
  class space    used 10009K, committed 10432K, reserved 1048576K
}
Event: 100.599 GC heap before
{Heap before GC invocations=75 (full 0):
 garbage-first heap   total 126976K, used 106283K [0x00000000a0000000, 0x0000000100000000)
  region size 1024K, 17 young (17408K), 2 survivors (2048K)
 Metaspace       used 73685K, committed 74560K, reserved 1114112K
  class space    used 10199K, committed 10624K, reserved 1048576K
}
Event: 100.606 GC heap after
{Heap after GC invocations=76 (full 0):
 garbage-first heap   total 126976K, used 93064K [0x00000000a0000000, 0x0000000100000000)
  region size 1024K, 3 young (3072K), 3 survivors (3072K)
 Metaspace       used 73685K, committed 74560K, reserved 1114112K
  class space    used 10199K, committed 10624K, reserved 1048576K
}
Event: 102.099 GC heap before
{Heap before GC invocations=76 (full 0):
 garbage-first heap   total 126976K, used 106376K [0x00000000a0000000, 0x0000000100000000)
  region size 1024K, 17 young (17408K), 3 survivors (3072K)
 Metaspace       used 74602K, committed 75456K, reserved 1114112K
  class space    used 10342K, committed 10752K, reserved 1048576K
}
Event: 102.112 GC heap after
{Heap after GC invocations=77 (full 0):
 garbage-first heap   total 126976K, used 94153K [0x00000000a0000000, 0x0000000100000000)
  region size 1024K, 3 young (3072K), 3 survivors (3072K)
 Metaspace       used 74602K, committed 75456K, reserved 1114112K
  class space    used 10342K, committed 10752K, reserved 1048576K
}
Event: 103.424 GC heap before
{Heap before GC invocations=77 (full 0):
 garbage-first heap   total 126976K, used 108489K [0x00000000a0000000, 0x0000000100000000)
  region size 1024K, 17 young (17408K), 3 survivors (3072K)
 Metaspace       used 75400K, committed 76288K, reserved 1179648K
  class space    used 10444K, committed 10880K, reserved 1048576K
}
Event: 103.433 GC heap after
{Heap after GC invocations=78 (full 0):
 garbage-first heap   total 126976K, used 94875K [0x00000000a0000000, 0x0000000100000000)
  region size 1024K, 2 young (2048K), 2 survivors (2048K)
 Metaspace       used 75400K, committed 76288K, reserved 1179648K
  class space    used 10444K, committed 10880K, reserved 1048576K
}
Event: 104.642 GC heap before
{Heap before GC invocations=78 (full 0):
 garbage-first heap   total 126976K, used 109211K [0x00000000a0000000, 0x0000000100000000)
  region size 1024K, 16 young (16384K), 2 survivors (2048K)
 Metaspace       used 76096K, committed 76992K, reserved 1179648K
  class space    used 10527K, committed 10944K, reserved 1048576K
}
Event: 104.663 GC heap after
{Heap after GC invocations=79 (full 0):
 garbage-first heap   total 126976K, used 96402K [0x00000000a0000000, 0x0000000100000000)
  region size 1024K, 2 young (2048K), 2 survivors (2048K)
 Metaspace       used 76096K, committed 76992K, reserved 1179648K
  class space    used 10527K, committed 10944K, reserved 1048576K
}
Event: 105.123 GC heap before
{Heap before GC invocations=79 (full 0):
 garbage-first heap   total 126976K, used 108690K [0x00000000a0000000, 0x0000000100000000)
  region size 1024K, 14 young (14336K), 2 survivors (2048K)
 Metaspace       used 76868K, committed 77760K, reserved 1179648K
  class space    used 10640K, committed 11072K, reserved 1048576K
}
Event: 105.136 GC heap after
{Heap after GC invocations=80 (full 0):
 garbage-first heap   total 126976K, used 97544K [0x00000000a0000000, 0x0000000100000000)
  region size 1024K, 1 young (1024K), 1 survivors (1024K)
 Metaspace       used 76868K, committed 77760K, reserved 1179648K
  class space    used 10640K, committed 11072K, reserved 1048576K
}
Event: 105.689 GC heap before
{Heap before GC invocations=80 (full 0):
 garbage-first heap   total 126976K, used 108808K [0x00000000a0000000, 0x0000000100000000)
  region size 1024K, 12 young (12288K), 1 survivors (1024K)
 Metaspace       used 77318K, committed 78208K, reserved 1179648K
  class space    used 10710K, committed 11136K, reserved 1048576K
}
Event: 105.693 GC heap after
{Heap after GC invocations=81 (full 0):
 garbage-first heap   total 126976K, used 98178K [0x00000000a0000000, 0x0000000100000000)
  region size 1024K, 2 young (2048K), 2 survivors (2048K)
 Metaspace       used 77318K, committed 78208K, reserved 1179648K
  class space    used 10710K, committed 11136K, reserved 1048576K
}
Event: 106.096 GC heap before
{Heap before GC invocations=81 (full 0):
 garbage-first heap   total 126976K, used 109442K [0x00000000a0000000, 0x0000000100000000)
  region size 1024K, 13 young (13312K), 2 survivors (2048K)
 Metaspace       used 78201K, committed 79040K, reserved 1179648K
  class space    used 10837K, committed 11264K, reserved 1048576K
}
Event: 106.106 GC heap after
{Heap after GC invocations=82 (full 0):
 garbage-first heap   total 126976K, used 98717K [0x00000000a0000000, 0x0000000100000000)
  region size 1024K, 2 young (2048K), 2 survivors (2048K)
 Metaspace       used 78201K, committed 79040K, reserved 1179648K
  class space    used 10837K, committed 11264K, reserved 1048576K
}

