# JRE version: OpenJDK Runtime Environment Temurin-17.0.8.1+1 (17.0.8.1+1) (build 17.0.8.1+1)
# Java VM: OpenJDK 64-Bit Server VM Temurin-17.0.8.1+1 (17.0.8.1+1, mixed mode, sharing, tiered, compressed oops, compressed class ptrs, g1 gc, windows-amd64)
GC Precious Log:
 CPUs: 4 total, 4 available
 Memory: 3521M
 Large Page Support: Disabled
 NUMA Support: Disabled
 Compressed Oops: Enabled (32-bit)
 Heap Region Size: 1M
 Heap Min Capacity: 8M
 Heap Initial Capacity: 56M
 Heap Max Capacity: 1536M
 Pre-touch: Disabled
 Parallel Workers: 4
 Concurrent Workers: 1
 Concurrent Refinement Workers: 4
 Periodic GC: Disabled
Heap:
 garbage-first heap   total 174080K, used 106049K [0x00000000a0000000, 0x0000000100000000)
  region size 1024K, 13 young (13312K), 1 survivors (1024K)
 Metaspace       used 75565K, committed 76416K, reserved 1179648K
  class space    used 10464K, committed 10880K, reserved 1048576K
GC Heap History (20 events):
Event: 53.754 GC heap before
{Heap before GC invocations=53 (full 0):
 garbage-first heap   total 109568K, used 66835K [0x00000000a0000000, 0x0000000100000000)
  region size 1024K, 6 young (6144K), 1 survivors (1024K)
 Metaspace       used 58037K, committed 58560K, reserved 1114112K
  class space    used 7732K, committed 8000K, reserved 1048576K
}
Event: 53.758 GC heap after
{Heap after GC invocations=54 (full 0):
 garbage-first heap   total 109568K, used 65822K [0x00000000a0000000, 0x0000000100000000)
  region size 1024K, 4 young (4096K), 4 survivors (4096K)
 Metaspace       used 58037K, committed 58560K, reserved 1114112K
  class space    used 7732K, committed 8000K, reserved 1048576K
}
Event: 54.212 GC heap before
{Heap before GC invocations=55 (full 0):
 garbage-first heap   total 116736K, used 81182K [0x00000000a0000000, 0x0000000100000000)
  region size 1024K, 18 young (18432K), 4 survivors (4096K)
 Metaspace       used 58196K, committed 58752K, reserved 1114112K
  class space    used 7751K, committed 8000K, reserved 1048576K
}
Event: 54.221 GC heap after
{Heap after GC invocations=56 (full 0):
 garbage-first heap   total 116736K, used 67427K [0x00000000a0000000, 0x0000000100000000)
  region size 1024K, 3 young (3072K), 3 survivors (3072K)
 Metaspace       used 58196K, committed 58752K, reserved 1114112K
  class space    used 7751K, committed 8000K, reserved 1048576K
}
Event: 54.528 GC heap before
{Heap before GC invocations=56 (full 0):
 garbage-first heap   total 116736K, used 84835K [0x00000000a0000000, 0x0000000100000000)
  region size 1024K, 20 young (20480K), 3 survivors (3072K)
 Metaspace       used 58390K, committed 58944K, reserved 1114112K
  class space    used 7784K, committed 8064K, reserved 1048576K
}
Event: 54.535 GC heap after
{Heap after GC invocations=57 (full 0):
 garbage-first heap   total 174080K, used 68722K [0x00000000a0000000, 0x0000000100000000)
  region size 1024K, 2 young (2048K), 2 survivors (2048K)
 Metaspace       used 58390K, committed 58944K, reserved 1114112K
  class space    used 7784K, committed 8064K, reserved 1048576K
}
Event: 57.770 GC heap before
{Heap before GC invocations=58 (full 0):
 garbage-first heap   total 174080K, used 114802K [0x00000000a0000000, 0x0000000100000000)
  region size 1024K, 47 young (48128K), 2 survivors (2048K)
 Metaspace       used 59496K, committed 60160K, reserved 1114112K
  class space    used 7988K, committed 8320K, reserved 1048576K
}
Event: 57.783 GC heap after
{Heap after GC invocations=59 (full 0):
 garbage-first heap   total 174080K, used 70782K [0x00000000a0000000, 0x0000000100000000)
  region size 1024K, 4 young (4096K), 4 survivors (4096K)
 Metaspace       used 59496K, committed 60160K, reserved 1114112K
  class space    used 7988K, committed 8320K, reserved 1048576K
}
Event: 66.704 GC heap before
{Heap before GC invocations=59 (full 0):
 garbage-first heap   total 174080K, used 129150K [0x00000000a0000000, 0x0000000100000000)
  region size 1024K, 61 young (62464K), 4 survivors (4096K)
 Metaspace       used 63844K, committed 64576K, reserved 1114112K
  class space    used 8749K, committed 9088K, reserved 1048576K
}
Event: 66.719 GC heap after
{Heap after GC invocations=60 (full 0):
 garbage-first heap   total 174080K, used 74859K [0x00000000a0000000, 0x0000000100000000)
  region size 1024K, 8 young (8192K), 8 survivors (8192K)
 Metaspace       used 63844K, committed 64576K, reserved 1114112K
  class space    used 8749K, committed 9088K, reserved 1048576K
}
Event: 69.366 GC heap before
{Heap before GC invocations=60 (full 0):
 garbage-first heap   total 174080K, used 132203K [0x00000000a0000000, 0x0000000100000000)
  region size 1024K, 64 young (65536K), 8 survivors (8192K)
 Metaspace       used 67116K, committed 67840K, reserved 1114112K
  class space    used 9259K, committed 9600K, reserved 1048576K
}
Event: 69.407 GC heap after
{Heap after GC invocations=61 (full 0):
 garbage-first heap   total 174080K, used 79235K [0x00000000a0000000, 0x0000000100000000)
  region size 1024K, 8 young (8192K), 8 survivors (8192K)
 Metaspace       used 67116K, committed 67840K, reserved 1114112K
  class space    used 9259K, committed 9600K, reserved 1048576K
}
Event: 80.769 GC heap before
{Heap before GC invocations=61 (full 0):
 garbage-first heap   total 174080K, used 134531K [0x00000000a0000000, 0x0000000100000000)
  region size 1024K, 63 young (64512K), 8 survivors (8192K)
 Metaspace       used 70630K, committed 71424K, reserved 1114112K
  class space    used 9792K, committed 10176K, reserved 1048576K
}
Event: 80.830 GC heap after
{Heap after GC invocations=62 (full 0):
 garbage-first heap   total 174080K, used 86040K [0x00000000a0000000, 0x0000000100000000)
  region size 1024K, 7 young (7168K), 7 survivors (7168K)
 Metaspace       used 70630K, committed 71424K, reserved 1114112K
  class space    used 9792K, committed 10176K, reserved 1048576K
}
Event: 86.776 GC heap before
{Heap before GC invocations=62 (full 0):
 garbage-first heap   total 174080K, used 136216K [0x00000000a0000000, 0x0000000100000000)
  region size 1024K, 57 young (58368K), 7 survivors (7168K)
 Metaspace       used 71434K, committed 72320K, reserved 1114112K
  class space    used 9847K, committed 10240K, reserved 1048576K
}
Event: 86.862 GC heap after
{Heap after GC invocations=63 (full 0):
 garbage-first heap   total 174080K, used 90712K [0x00000000a0000000, 0x0000000100000000)
  region size 1024K, 5 young (5120K), 5 survivors (5120K)
 Metaspace       used 71434K, committed 72320K, reserved 1114112K
  class space    used 9847K, committed 10240K, reserved 1048576K
}
Event: 115.985 GC heap before
{Heap before GC invocations=64 (full 0):
 garbage-first heap   total 174080K, used 139864K [0x00000000a0000000, 0x0000000100000000)
  region size 1024K, 53 young (54272K), 5 survivors (5120K)
 Metaspace       used 74579K, committed 75456K, reserved 1114112K
  class space    used 10342K, committed 10752K, reserved 1048576K
}
Event: 116.066 GC heap after
{Heap after GC invocations=65 (full 0):
 garbage-first heap   total 174080K, used 94377K [0x00000000a0000000, 0x0000000100000000)
  region size 1024K, 4 young (4096K), 4 survivors (4096K)
 Metaspace       used 74579K, committed 75456K, reserved 1114112K
  class space    used 10342K, committed 10752K, reserved 1048576K
}
Event: 116.793 GC heap before
{Heap before GC invocations=65 (full 0):
 garbage-first heap   total 174080K, used 98473K [0x00000000a0000000, 0x0000000100000000)
  region size 1024K, 8 young (8192K), 4 survivors (4096K)
 Metaspace       used 74781K, committed 75712K, reserved 1114112K
  class space    used 10369K, committed 10816K, reserved 1048576K
}
Event: 116.841 GC heap after
{Heap after GC invocations=66 (full 0):
 garbage-first heap   total 174080K, used 94785K [0x00000000a0000000, 0x0000000100000000)
  region size 1024K, 1 young (1024K), 1 survivors (1024K)
 Metaspace       used 74781K, committed 75712K, reserved 1114112K
  class space    used 10369K, committed 10816K, reserved 1048576K
}

