# JRE version: OpenJDK Runtime Environment Temurin-17.0.8.1+1 (17.0.8.1+1) (build 17.0.8.1+1)
# Java VM: OpenJDK 64-Bit Server VM Temurin-17.0.8.1+1 (17.0.8.1+1, mixed mode, sharing, tiered, compressed oops, compressed class ptrs, g1 gc, windows-amd64)
GC Precious Log:
 CPUs: 4 total, 4 available
 Memory: 3521M
 Large Page Support: Disabled
 NUMA Support: Disabled
 Compressed Oops: Enabled (32-bit)
 Heap Region Size: 1M
 Heap Min Capacity: 8M
 Heap Initial Capacity: 56M
 Heap Max Capacity: 1536M
 Pre-touch: Disabled
 Parallel Workers: 4
 Concurrent Workers: 1
 Concurrent Refinement Workers: 4
 Periodic GC: Disabled
Heap:
 garbage-first heap   total 60416K, used 46190K [0x00000000a0000000, 0x0000000100000000)
  region size 1024K, 15 young (15360K), 1 survivors (1024K)
 Metaspace       used 35758K, committed 36224K, reserved 1114112K
  class space    used 4950K, committed 5184K, reserved 1048576K
GC Heap History (20 events):
Event: 41.211 GC heap before
{Heap before GC invocations=5 (full 0):
 garbage-first heap   total 57344K, used 37899K [0x00000000a0000000, 0x0000000100000000)
  region size 1024K, 22 young (22528K), 2 survivors (2048K)
 Metaspace       used 16644K, committed 16896K, reserved 1114112K
  class space    used 2423K, committed 2560K, reserved 1048576K
}
Event: 41.217 GC heap after
{Heap after GC invocations=6 (full 0):
 garbage-first heap   total 57344K, used 19685K [0x00000000a0000000, 0x0000000100000000)
  region size 1024K, 3 young (3072K), 3 survivors (3072K)
 Metaspace       used 16644K, committed 16896K, reserved 1114112K
  class space    used 2423K, committed 2560K, reserved 1048576K
}
Event: 43.928 GC heap before
{Heap before GC invocations=6 (full 0):
 garbage-first heap   total 57344K, used 40165K [0x00000000a0000000, 0x0000000100000000)
  region size 1024K, 24 young (24576K), 3 survivors (3072K)
 Metaspace       used 19461K, committed 19776K, reserved 1114112K
  class space    used 2894K, committed 3072K, reserved 1048576K
}
Event: 43.942 GC heap after
{Heap after GC invocations=7 (full 0):
 garbage-first heap   total 57344K, used 23059K [0x00000000a0000000, 0x0000000100000000)
  region size 1024K, 3 young (3072K), 3 survivors (3072K)
 Metaspace       used 19461K, committed 19776K, reserved 1114112K
  class space    used 2894K, committed 3072K, reserved 1048576K
}
Event: 46.023 GC heap before
{Heap before GC invocations=7 (full 0):
 garbage-first heap   total 57344K, used 31251K [0x00000000a0000000, 0x0000000100000000)
  region size 1024K, 12 young (12288K), 3 survivors (3072K)
 Metaspace       used 21220K, committed 21504K, reserved 1114112K
  class space    used 3106K, committed 3264K, reserved 1048576K
}
Event: 46.031 GC heap after
{Heap after GC invocations=8 (full 0):
 garbage-first heap   total 57344K, used 24241K [0x00000000a0000000, 0x0000000100000000)
  region size 1024K, 2 young (2048K), 2 survivors (2048K)
 Metaspace       used 21220K, committed 21504K, reserved 1114112K
  class space    used 3106K, committed 3264K, reserved 1048576K
}
Event: 50.415 GC heap before
{Heap before GC invocations=9 (full 0):
 garbage-first heap   total 57344K, used 40625K [0x00000000a0000000, 0x0000000100000000)
  region size 1024K, 18 young (18432K), 2 survivors (2048K)
 Metaspace       used 23492K, committed 23872K, reserved 1114112K
  class space    used 3450K, committed 3648K, reserved 1048576K
}
Event: 50.419 GC heap after
{Heap after GC invocations=10 (full 0):
 garbage-first heap   total 57344K, used 24369K [0x00000000a0000000, 0x0000000100000000)
  region size 1024K, 2 young (2048K), 2 survivors (2048K)
 Metaspace       used 23492K, committed 23872K, reserved 1114112K
  class space    used 3450K, committed 3648K, reserved 1048576K
}
Event: 52.412 GC heap before
{Heap before GC invocations=10 (full 0):
 garbage-first heap   total 57344K, used 40753K [0x00000000a0000000, 0x0000000100000000)
  region size 1024K, 19 young (19456K), 2 survivors (2048K)
 Metaspace       used 25930K, committed 26304K, reserved 1114112K
  class space    used 3847K, committed 4032K, reserved 1048576K
}
Event: 52.416 GC heap after
{Heap after GC invocations=11 (full 0):
 garbage-first heap   total 57344K, used 25016K [0x00000000a0000000, 0x0000000100000000)
  region size 1024K, 3 young (3072K), 3 survivors (3072K)
 Metaspace       used 25930K, committed 26304K, reserved 1114112K
  class space    used 3847K, committed 4032K, reserved 1048576K
}
Event: 56.739 GC heap before
{Heap before GC invocations=11 (full 0):
 garbage-first heap   total 57344K, used 41400K [0x00000000a0000000, 0x0000000100000000)
  region size 1024K, 20 young (20480K), 3 survivors (3072K)
 Metaspace       used 30748K, committed 31168K, reserved 1114112K
  class space    used 4387K, committed 4608K, reserved 1048576K
}
Event: 56.749 GC heap after
{Heap after GC invocations=12 (full 0):
 garbage-first heap   total 57344K, used 27406K [0x00000000a0000000, 0x0000000100000000)
  region size 1024K, 3 young (3072K), 3 survivors (3072K)
 Metaspace       used 30748K, committed 31168K, reserved 1114112K
  class space    used 4387K, committed 4608K, reserved 1048576K
}
Event: 57.789 GC heap before
{Heap before GC invocations=12 (full 0):
 garbage-first heap   total 57344K, used 42766K [0x00000000a0000000, 0x0000000100000000)
  region size 1024K, 19 young (19456K), 3 survivors (3072K)
 Metaspace       used 31801K, committed 32128K, reserved 1114112K
  class space    used 4464K, committed 4608K, reserved 1048576K
}
Event: 57.802 GC heap after
{Heap after GC invocations=13 (full 0):
 garbage-first heap   total 57344K, used 29995K [0x00000000a0000000, 0x0000000100000000)
  region size 1024K, 3 young (3072K), 3 survivors (3072K)
 Metaspace       used 31801K, committed 32128K, reserved 1114112K
  class space    used 4464K, committed 4608K, reserved 1048576K
}
Event: 58.874 GC heap before
{Heap before GC invocations=13 (full 0):
 garbage-first heap   total 57344K, used 38187K [0x00000000a0000000, 0x0000000100000000)
  region size 1024K, 13 young (13312K), 3 survivors (3072K)
 Metaspace       used 32102K, committed 32448K, reserved 1114112K
  class space    used 4498K, committed 4672K, reserved 1048576K
}
Event: 58.882 GC heap after
{Heap after GC invocations=14 (full 0):
 garbage-first heap   total 57344K, used 30547K [0x00000000a0000000, 0x0000000100000000)
  region size 1024K, 2 young (2048K), 2 survivors (2048K)
 Metaspace       used 32102K, committed 32448K, reserved 1114112K
  class space    used 4498K, committed 4672K, reserved 1048576K
}
Event: 61.462 GC heap before
{Heap before GC invocations=15 (full 0):
 garbage-first heap   total 60416K, used 46931K [0x00000000a0000000, 0x0000000100000000)
  region size 1024K, 15 young (15360K), 2 survivors (2048K)
 Metaspace       used 33874K, committed 34304K, reserved 1114112K
  class space    used 4649K, committed 4864K, reserved 1048576K
}
Event: 61.469 GC heap after
{Heap after GC invocations=16 (full 0):
 garbage-first heap   total 60416K, used 31998K [0x00000000a0000000, 0x0000000100000000)
  region size 1024K, 2 young (2048K), 2 survivors (2048K)
 Metaspace       used 33874K, committed 34304K, reserved 1114112K
  class space    used 4649K, committed 4864K, reserved 1048576K
}
Event: 65.643 GC heap before
{Heap before GC invocations=16 (full 0):
 garbage-first heap   total 60416K, used 46334K [0x00000000a0000000, 0x0000000100000000)
  region size 1024K, 16 young (16384K), 2 survivors (2048K)
 Metaspace       used 34785K, committed 35264K, reserved 1114112K
  class space    used 4794K, committed 5056K, reserved 1048576K
}
Event: 65.658 GC heap after
{Heap after GC invocations=17 (full 0):
 garbage-first heap   total 60416K, used 32878K [0x00000000a0000000, 0x0000000100000000)
  region size 1024K, 1 young (1024K), 1 survivors (1024K)
 Metaspace       used 34785K, committed 35264K, reserved 1114112K
  class space    used 4794K, committed 5056K, reserved 1048576K
}

